18-05-30 13:07:24:Exception at file[/usr/src/easyswoole/vendor/easyswoole/easyswoole/src/Core/Component/Cluster/Cluster.php] line[46] message:[cluster token could not be empty and set cluster mode disable automatic]
18-05-30 13:13:16:Exception at file[/usr/src/easyswoole/vendor/easyswoole/easyswoole/src/Core/Component/Cluster/NetWork/Udp.php] line[18] message:[Call to undefined function EasySwoole\Core\Component\Cluster\NetWork\socket_create()]
18-05-30 13:13:16:Exception at file[/usr/src/easyswoole/vendor/easyswoole/easyswoole/src/Core/Component/Cluster/NetWork/Udp.php] line[18] message:[Call to undefined function EasySwoole\Core\Component\Cluster\NetWork\socket_create()]
18-05-30 13:13:21:Exception at file[/usr/src/easyswoole/vendor/easyswoole/easyswoole/src/Core/Component/Cluster/NetWork/Udp.php] line[18] message:[Call to undefined function EasySwoole\Core\Component\Cluster\NetWork\socket_create()]
18-05-30 13:13:21:Exception at file[/usr/src/easyswoole/vendor/easyswoole/easyswoole/src/Core/Component/Cluster/NetWork/Udp.php] line[18] message:[Call to undefined function EasySwoole\Core\Component\Cluster\NetWork\socket_create()]
18-05-30 13:18:37:Exception at file[/usr/src/easyswoole/vendor/easyswoole/easyswoole/src/Core/Component/Cluster/NetWork/Udp.php] line[18] message:[Call to undefined function EasySwoole\Core\Component\Cluster\NetWork\socket_create()]
18-05-30 13:18:37:Exception at file[/usr/src/easyswoole/vendor/easyswoole/easyswoole/src/Core/Component/Cluster/NetWork/Udp.php] line[18] message:[Call to undefined function EasySwoole\Core\Component\Cluster\NetWork\socket_create()]
18-05-30 13:18:42:Exception at file[/usr/src/easyswoole/vendor/easyswoole/easyswoole/src/Core/Component/Cluster/NetWork/Udp.php] line[18] message:[Call to undefined function EasySwoole\Core\Component\Cluster\NetWork\socket_create()]
18-05-30 13:18:42:Exception at file[/usr/src/easyswoole/vendor/easyswoole/easyswoole/src/Core/Component/Cluster/NetWork/Udp.php] line[18] message:[Call to undefined function EasySwoole\Core\Component\Cluster\NetWork\socket_create()]
18-05-30 13:20:50:Exception at file[/usr/src/easyswoole/vendor/easyswoole/easyswoole/src/Core/Component/Cluster/NetWork/Udp.php] line[18] message:[Call to undefined function socket_create()]
18-05-30 13:20:50:Exception at file[/usr/src/easyswoole/vendor/easyswoole/easyswoole/src/Core/Component/Cluster/NetWork/Udp.php] line[18] message:[Call to undefined function socket_create()]
18-05-30 13:20:55:Exception at file[/usr/src/easyswoole/vendor/easyswoole/easyswoole/src/Core/Component/Cluster/NetWork/Udp.php] line[18] message:[Call to undefined function socket_create()]
18-05-30 13:20:55:Exception at file[/usr/src/easyswoole/vendor/easyswoole/easyswoole/src/Core/Component/Cluster/NetWork/Udp.php] line[18] message:[Call to undefined function socket_create()]
18-05-30 13:21:36:Exception at file[/usr/src/easyswoole/vendor/easyswoole/easyswoole/src/Core/Component/Cluster/NetWork/Udp.php] line[19] message:[Call to undefined function EasySwoole\Core\Component\Cluster\NetWork\socket_create()]
18-05-30 13:21:36:Exception at file[/usr/src/easyswoole/vendor/easyswoole/easyswoole/src/Core/Component/Cluster/NetWork/Udp.php] line[19] message:[Call to undefined function EasySwoole\Core\Component\Cluster\NetWork\socket_create()]
18-05-30 13:21:54:Exception at file[/usr/src/easyswoole/vendor/easyswoole/easyswoole/src/Core/Component/Cluster/NetWork/Udp.php] line[19] message:[Call to undefined function EasySwoole\Core\Component\Cluster\NetWork\socket_create()]
18-05-30 13:21:54:Exception at file[/usr/src/easyswoole/vendor/easyswoole/easyswoole/src/Core/Component/Cluster/NetWork/Udp.php] line[19] message:[Call to undefined function EasySwoole\Core\Component\Cluster\NetWork\socket_create()]
18-05-30 13:24:39:Exception at file[/usr/src/easyswoole/vendor/easyswoole/easyswoole/src/Core/Component/Cluster/NetWork/Udp.php] line[19] message:[Call to undefined function EasySwoole\Core\Component\Cluster\NetWork\socket_create()]
18-05-30 13:24:39:Exception at file[/usr/src/easyswoole/vendor/easyswoole/easyswoole/src/Core/Component/Cluster/NetWork/Udp.php] line[19] message:[Call to undefined function EasySwoole\Core\Component\Cluster\NetWork\socket_create()]
18-05-30 13:24:44:Exception at file[/usr/src/easyswoole/vendor/easyswoole/easyswoole/src/Core/Component/Cluster/NetWork/Udp.php] line[19] message:[Call to undefined function EasySwoole\Core\Component\Cluster\NetWork\socket_create()]
18-05-30 13:24:44:Exception at file[/usr/src/easyswoole/vendor/easyswoole/easyswoole/src/Core/Component/Cluster/NetWork/Udp.php] line[19] message:[Call to undefined function EasySwoole\Core\Component\Cluster\NetWork\socket_create()]
18-05-30 13:24:49:Exception at file[/usr/src/easyswoole/vendor/easyswoole/easyswoole/src/Core/Component/Cluster/NetWork/Udp.php] line[19] message:[Call to undefined function EasySwoole\Core\Component\Cluster\NetWork\socket_create()]
18-05-30 13:24:49:Exception at file[/usr/src/easyswoole/vendor/easyswoole/easyswoole/src/Core/Component/Cluster/NetWork/Udp.php] line[19] message:[Call to undefined function EasySwoole\Core\Component\Cluster\NetWork\socket_create()]
18-05-30 13:26:49:Exception at file[/usr/src/easyswoole/vendor/easyswoole/easyswoole/src/Core/Component/Cluster/NetWork/Udp.php] line[18] message:[Call to undefined function EasySwoole\Core\Component\Cluster\NetWork\socket_create()]
18-05-30 13:26:49:Exception at file[/usr/src/easyswoole/vendor/easyswoole/easyswoole/src/Core/Component/Cluster/NetWork/Udp.php] line[18] message:[Call to undefined function EasySwoole\Core\Component\Cluster\NetWork\socket_create()]
18-05-30 13:46:46:Error at file[/usr/src/easyswoole/vendor/easyswoole/easyswoole/src/Core/Component/Cluster/NetWork/Udp.php] line[24] message:[socket_set_option(): unable to set socket option [92]: Protocol not available]
18-05-30 13:46:46:Error at file[/usr/src/easyswoole/vendor/easyswoole/easyswoole/src/Core/Component/Cluster/NetWork/Udp.php] line[25] message:[socket_sendto(): unable to write to socket [13]: Permission denied]
18-05-30 13:46:46:Error at file[/usr/src/easyswoole/vendor/easyswoole/easyswoole/src/Core/Component/Cluster/NetWork/Udp.php] line[24] message:[socket_set_option(): unable to set socket option [92]: Protocol not available]
18-05-30 13:46:46:Error at file[/usr/src/easyswoole/vendor/easyswoole/easyswoole/src/Core/Component/Cluster/NetWork/Udp.php] line[25] message:[socket_sendto(): unable to write to socket [13]: Permission denied]
18-05-30 13:53:10:Error at file[/usr/src/easyswoole/vendor/easyswoole/easyswoole/src/Core/Component/Cluster/NetWork/Udp.php] line[24] message:[socket_set_option(): unable to set socket option [92]: Protocol not available]
18-05-30 13:53:10:Error at file[/usr/src/easyswoole/vendor/easyswoole/easyswoole/src/Core/Component/Cluster/NetWork/Udp.php] line[24] message:[socket_set_option(): unable to set socket option [92]: Protocol not available]
18-05-30 13:53:27:Error at file[/usr/src/easyswoole/vendor/easyswoole/easyswoole/src/Core/Component/Cluster/NetWork/Udp.php] line[24] message:[socket_set_option(): unable to set socket option [92]: Protocol not available]
18-05-30 13:53:27:Error at file[/usr/src/easyswoole/vendor/easyswoole/easyswoole/src/Core/Component/Cluster/NetWork/Udp.php] line[24] message:[socket_set_option(): unable to set socket option [92]: Protocol not available]
18-05-30 13:58:12:Error at file[/usr/src/easyswoole/vendor/easyswoole/easyswoole/src/Core/Component/Cluster/NetWork/Udp.php] line[24] message:[socket_set_option(): unable to set socket option [92]: Protocol not available]
18-05-30 13:58:12:Error at file[/usr/src/easyswoole/vendor/easyswoole/easyswoole/src/Core/Component/Cluster/NetWork/Udp.php] line[25] message:[socket_sendto(): unable to write to socket [13]: Permission denied]
18-05-30 13:58:12:Error at file[/usr/src/easyswoole/vendor/easyswoole/easyswoole/src/Core/Component/Cluster/NetWork/Udp.php] line[24] message:[socket_set_option(): unable to set socket option [92]: Protocol not available]
18-05-30 13:58:12:Error at file[/usr/src/easyswoole/vendor/easyswoole/easyswoole/src/Core/Component/Cluster/NetWork/Udp.php] line[25] message:[socket_sendto(): unable to write to socket [13]: Permission denied]
18-05-30 14:00:08:Error at file[/usr/src/easyswoole/vendor/easyswoole/easyswoole/src/Core/Component/Cluster/NetWork/Udp.php] line[24] message:[socket_set_option(): unable to set socket option [92]: Protocol not available]
18-05-30 14:00:08:Error at file[/usr/src/easyswoole/vendor/easyswoole/easyswoole/src/Core/Component/Cluster/NetWork/Udp.php] line[25] message:[socket_sendto(): unable to write to socket [13]: Permission denied]
18-05-30 14:00:08:Error at file[/usr/src/easyswoole/vendor/easyswoole/easyswoole/src/Core/Component/Cluster/NetWork/Udp.php] line[24] message:[socket_set_option(): unable to set socket option [92]: Protocol not available]
18-05-30 14:00:08:Error at file[/usr/src/easyswoole/vendor/easyswoole/easyswoole/src/Core/Component/Cluster/NetWork/Udp.php] line[25] message:[socket_sendto(): unable to write to socket [13]: Permission denied]
18-05-30 14:01:08:Error at file[/usr/src/easyswoole/vendor/easyswoole/easyswoole/src/Core/Component/Cluster/NetWork/Udp.php] line[25] message:[socket_set_option(): unable to set socket option [92]: Protocol not available]
18-05-30 14:01:08:Error at file[/usr/src/easyswoole/vendor/easyswoole/easyswoole/src/Core/Component/Cluster/NetWork/Udp.php] line[26] message:[socket_sendto(): unable to write to socket [13]: Permission denied]
18-05-30 14:01:08:Error at file[/usr/src/easyswoole/vendor/easyswoole/easyswoole/src/Core/Component/Cluster/NetWork/Udp.php] line[25] message:[socket_set_option(): unable to set socket option [92]: Protocol not available]
18-05-30 14:01:08:Error at file[/usr/src/easyswoole/vendor/easyswoole/easyswoole/src/Core/Component/Cluster/NetWork/Udp.php] line[26] message:[socket_sendto(): unable to write to socket [13]: Permission denied]
18-05-30 14:01:31:Error at file[/usr/src/easyswoole/vendor/easyswoole/easyswoole/src/Core/Component/Cluster/NetWork/Udp.php] line[24] message:[socket_set_option(): unable to set socket option [92]: Protocol not available]
18-05-30 14:01:31:Error at file[/usr/src/easyswoole/vendor/easyswoole/easyswoole/src/Core/Component/Cluster/NetWork/Udp.php] line[25] message:[socket_sendto(): unable to write to socket [13]: Permission denied]
18-05-30 14:01:31:Error at file[/usr/src/easyswoole/vendor/easyswoole/easyswoole/src/Core/Component/Cluster/NetWork/Udp.php] line[24] message:[socket_set_option(): unable to set socket option [92]: Protocol not available]
18-05-30 14:01:31:Error at file[/usr/src/easyswoole/vendor/easyswoole/easyswoole/src/Core/Component/Cluster/NetWork/Udp.php] line[25] message:[socket_sendto(): unable to write to socket [13]: Permission denied]
18-05-30 14:01:36:Error at file[/usr/src/easyswoole/vendor/easyswoole/easyswoole/src/Core/Component/Cluster/NetWork/Udp.php] line[24] message:[socket_set_option(): unable to set socket option [92]: Protocol not available]
18-05-30 14:01:36:Error at file[/usr/src/easyswoole/vendor/easyswoole/easyswoole/src/Core/Component/Cluster/NetWork/Udp.php] line[25] message:[socket_sendto(): unable to write to socket [13]: Permission denied]
18-05-30 14:01:36:Error at file[/usr/src/easyswoole/vendor/easyswoole/easyswoole/src/Core/Component/Cluster/NetWork/Udp.php] line[24] message:[socket_set_option(): unable to set socket option [92]: Protocol not available]
18-05-30 14:01:36:Error at file[/usr/src/easyswoole/vendor/easyswoole/easyswoole/src/Core/Component/Cluster/NetWork/Udp.php] line[25] message:[socket_sendto(): unable to write to socket [13]: Permission denied]
18-05-30 14:01:41:Error at file[/usr/src/easyswoole/vendor/easyswoole/easyswoole/src/Core/Component/Cluster/NetWork/Udp.php] line[24] message:[socket_set_option(): unable to set socket option [92]: Protocol not available]
18-05-30 14:01:41:Error at file[/usr/src/easyswoole/vendor/easyswoole/easyswoole/src/Core/Component/Cluster/NetWork/Udp.php] line[25] message:[socket_sendto(): unable to write to socket [13]: Permission denied]
18-05-30 14:01:41:Error at file[/usr/src/easyswoole/vendor/easyswoole/easyswoole/src/Core/Component/Cluster/NetWork/Udp.php] line[24] message:[socket_set_option(): unable to set socket option [92]: Protocol not available]
18-05-30 14:01:41:Error at file[/usr/src/easyswoole/vendor/easyswoole/easyswoole/src/Core/Component/Cluster/NetWork/Udp.php] line[25] message:[socket_sendto(): unable to write to socket [13]: Permission denied]
18-05-30 14:01:46:Error at file[/usr/src/easyswoole/vendor/easyswoole/easyswoole/src/Core/Component/Cluster/NetWork/Udp.php] line[24] message:[socket_set_option(): unable to set socket option [92]: Protocol not available]
18-05-30 14:01:46:Error at file[/usr/src/easyswoole/vendor/easyswoole/easyswoole/src/Core/Component/Cluster/NetWork/Udp.php] line[25] message:[socket_sendto(): unable to write to socket [13]: Permission denied]
18-05-30 14:01:46:Error at file[/usr/src/easyswoole/vendor/easyswoole/easyswoole/src/Core/Component/Cluster/NetWork/Udp.php] line[24] message:[socket_set_option(): unable to set socket option [92]: Protocol not available]
18-05-30 14:01:46:Error at file[/usr/src/easyswoole/vendor/easyswoole/easyswoole/src/Core/Component/Cluster/NetWork/Udp.php] line[25] message:[socket_sendto(): unable to write to socket [13]: Permission denied]
18-05-30 14:01:51:Error at file[/usr/src/easyswoole/vendor/easyswoole/easyswoole/src/Core/Component/Cluster/NetWork/Udp.php] line[24] message:[socket_set_option(): unable to set socket option [92]: Protocol not available]
18-05-30 14:01:51:Error at file[/usr/src/easyswoole/vendor/easyswoole/easyswoole/src/Core/Component/Cluster/NetWork/Udp.php] line[25] message:[socket_sendto(): unable to write to socket [13]: Permission denied]
18-05-30 14:01:51:Error at file[/usr/src/easyswoole/vendor/easyswoole/easyswoole/src/Core/Component/Cluster/NetWork/Udp.php] line[24] message:[socket_set_option(): unable to set socket option [92]: Protocol not available]
18-05-30 14:01:51:Error at file[/usr/src/easyswoole/vendor/easyswoole/easyswoole/src/Core/Component/Cluster/NetWork/Udp.php] line[25] message:[socket_sendto(): unable to write to socket [13]: Permission denied]
18-05-30 14:01:56:Error at file[/usr/src/easyswoole/vendor/easyswoole/easyswoole/src/Core/Component/Cluster/NetWork/Udp.php] line[24] message:[socket_set_option(): unable to set socket option [92]: Protocol not available]
18-05-30 14:01:56:Error at file[/usr/src/easyswoole/vendor/easyswoole/easyswoole/src/Core/Component/Cluster/NetWork/Udp.php] line[25] message:[socket_sendto(): unable to write to socket [13]: Permission denied]
18-05-30 14:01:56:Error at file[/usr/src/easyswoole/vendor/easyswoole/easyswoole/src/Core/Component/Cluster/NetWork/Udp.php] line[24] message:[socket_set_option(): unable to set socket option [92]: Protocol not available]
18-05-30 14:01:56:Error at file[/usr/src/easyswoole/vendor/easyswoole/easyswoole/src/Core/Component/Cluster/NetWork/Udp.php] line[25] message:[socket_sendto(): unable to write to socket [13]: Permission denied]
18-05-30 14:02:01:Error at file[/usr/src/easyswoole/vendor/easyswoole/easyswoole/src/Core/Component/Cluster/NetWork/Udp.php] line[24] message:[socket_set_option(): unable to set socket option [92]: Protocol not available]
18-05-30 14:02:01:Error at file[/usr/src/easyswoole/vendor/easyswoole/easyswoole/src/Core/Component/Cluster/NetWork/Udp.php] line[25] message:[socket_sendto(): unable to write to socket [13]: Permission denied]
18-05-30 14:02:01:Error at file[/usr/src/easyswoole/vendor/easyswoole/easyswoole/src/Core/Component/Cluster/NetWork/Udp.php] line[24] message:[socket_set_option(): unable to set socket option [92]: Protocol not available]
18-05-30 14:02:01:Error at file[/usr/src/easyswoole/vendor/easyswoole/easyswoole/src/Core/Component/Cluster/NetWork/Udp.php] line[25] message:[socket_sendto(): unable to write to socket [13]: Permission denied]
18-05-30 14:02:06:Error at file[/usr/src/easyswoole/vendor/easyswoole/easyswoole/src/Core/Component/Cluster/NetWork/Udp.php] line[24] message:[socket_set_option(): unable to set socket option [92]: Protocol not available]
18-05-30 14:02:06:Error at file[/usr/src/easyswoole/vendor/easyswoole/easyswoole/src/Core/Component/Cluster/NetWork/Udp.php] line[25] message:[socket_sendto(): unable to write to socket [13]: Permission denied]
18-05-30 14:02:06:Error at file[/usr/src/easyswoole/vendor/easyswoole/easyswoole/src/Core/Component/Cluster/NetWork/Udp.php] line[24] message:[socket_set_option(): unable to set socket option [92]: Protocol not available]
18-05-30 14:02:06:Error at file[/usr/src/easyswoole/vendor/easyswoole/easyswoole/src/Core/Component/Cluster/NetWork/Udp.php] line[25] message:[socket_sendto(): unable to write to socket [13]: Permission denied]
18-05-30 14:02:11:Error at file[/usr/src/easyswoole/vendor/easyswoole/easyswoole/src/Core/Component/Cluster/NetWork/Udp.php] line[24] message:[socket_set_option(): unable to set socket option [92]: Protocol not available]
18-05-30 14:02:11:Error at file[/usr/src/easyswoole/vendor/easyswoole/easyswoole/src/Core/Component/Cluster/NetWork/Udp.php] line[25] message:[socket_sendto(): unable to write to socket [13]: Permission denied]
18-05-30 14:02:11:Error at file[/usr/src/easyswoole/vendor/easyswoole/easyswoole/src/Core/Component/Cluster/NetWork/Udp.php] line[24] message:[socket_set_option(): unable to set socket option [92]: Protocol not available]
18-05-30 14:02:11:Error at file[/usr/src/easyswoole/vendor/easyswoole/easyswoole/src/Core/Component/Cluster/NetWork/Udp.php] line[25] message:[socket_sendto(): unable to write to socket [13]: Permission denied]
18-05-30 14:02:16:Error at file[/usr/src/easyswoole/vendor/easyswoole/easyswoole/src/Core/Component/Cluster/NetWork/Udp.php] line[24] message:[socket_set_option(): unable to set socket option [92]: Protocol not available]
18-05-30 14:02:16:Error at file[/usr/src/easyswoole/vendor/easyswoole/easyswoole/src/Core/Component/Cluster/NetWork/Udp.php] line[25] message:[socket_sendto(): unable to write to socket [13]: Permission denied]
18-05-30 14:02:16:Error at file[/usr/src/easyswoole/vendor/easyswoole/easyswoole/src/Core/Component/Cluster/NetWork/Udp.php] line[24] message:[socket_set_option(): unable to set socket option [92]: Protocol not available]
18-05-30 14:02:16:Error at file[/usr/src/easyswoole/vendor/easyswoole/easyswoole/src/Core/Component/Cluster/NetWork/Udp.php] line[25] message:[socket_sendto(): unable to write to socket [13]: Permission denied]
18-05-30 14:02:21:Error at file[/usr/src/easyswoole/vendor/easyswoole/easyswoole/src/Core/Component/Cluster/NetWork/Udp.php] line[24] message:[socket_set_option(): unable to set socket option [92]: Protocol not available]
18-05-30 14:02:21:Error at file[/usr/src/easyswoole/vendor/easyswoole/easyswoole/src/Core/Component/Cluster/NetWork/Udp.php] line[25] message:[socket_sendto(): unable to write to socket [13]: Permission denied]
18-05-30 14:02:21:Error at file[/usr/src/easyswoole/vendor/easyswoole/easyswoole/src/Core/Component/Cluster/NetWork/Udp.php] line[24] message:[socket_set_option(): unable to set socket option [92]: Protocol not available]
18-05-30 14:02:21:Error at file[/usr/src/easyswoole/vendor/easyswoole/easyswoole/src/Core/Component/Cluster/NetWork/Udp.php] line[25] message:[socket_sendto(): unable to write to socket [13]: Permission denied]
18-05-30 14:02:26:Error at file[/usr/src/easyswoole/vendor/easyswoole/easyswoole/src/Core/Component/Cluster/NetWork/Udp.php] line[24] message:[socket_set_option(): unable to set socket option [92]: Protocol not available]
18-05-30 14:02:26:Error at file[/usr/src/easyswoole/vendor/easyswoole/easyswoole/src/Core/Component/Cluster/NetWork/Udp.php] line[25] message:[socket_sendto(): unable to write to socket [13]: Permission denied]
18-05-30 14:02:26:Error at file[/usr/src/easyswoole/vendor/easyswoole/easyswoole/src/Core/Component/Cluster/NetWork/Udp.php] line[24] message:[socket_set_option(): unable to set socket option [92]: Protocol not available]
18-05-30 14:02:26:Error at file[/usr/src/easyswoole/vendor/easyswoole/easyswoole/src/Core/Component/Cluster/NetWork/Udp.php] line[25] message:[socket_sendto(): unable to write to socket [13]: Permission denied]
18-05-30 14:02:31:Error at file[/usr/src/easyswoole/vendor/easyswoole/easyswoole/src/Core/Component/Cluster/NetWork/Udp.php] line[24] message:[socket_set_option(): unable to set socket option [92]: Protocol not available]
18-05-30 14:02:31:Error at file[/usr/src/easyswoole/vendor/easyswoole/easyswoole/src/Core/Component/Cluster/NetWork/Udp.php] line[25] message:[socket_sendto(): unable to write to socket [13]: Permission denied]
18-05-30 14:02:31:Error at file[/usr/src/easyswoole/vendor/easyswoole/easyswoole/src/Core/Component/Cluster/NetWork/Udp.php] line[24] message:[socket_set_option(): unable to set socket option [92]: Protocol not available]
18-05-30 14:02:31:Error at file[/usr/src/easyswoole/vendor/easyswoole/easyswoole/src/Core/Component/Cluster/NetWork/Udp.php] line[25] message:[socket_sendto(): unable to write to socket [13]: Permission denied]
18-05-30 14:02:36:Error at file[/usr/src/easyswoole/vendor/easyswoole/easyswoole/src/Core/Component/Cluster/NetWork/Udp.php] line[24] message:[socket_set_option(): unable to set socket option [92]: Protocol not available]
18-05-30 14:02:36:Error at file[/usr/src/easyswoole/vendor/easyswoole/easyswoole/src/Core/Component/Cluster/NetWork/Udp.php] line[25] message:[socket_sendto(): unable to write to socket [13]: Permission denied]
18-05-30 14:02:36:Error at file[/usr/src/easyswoole/vendor/easyswoole/easyswoole/src/Core/Component/Cluster/NetWork/Udp.php] line[24] message:[socket_set_option(): unable to set socket option [92]: Protocol not available]
18-05-30 14:02:36:Error at file[/usr/src/easyswoole/vendor/easyswoole/easyswoole/src/Core/Component/Cluster/NetWork/Udp.php] line[25] message:[socket_sendto(): unable to write to socket [13]: Permission denied]
18-05-30 14:02:41:Error at file[/usr/src/easyswoole/vendor/easyswoole/easyswoole/src/Core/Component/Cluster/NetWork/Udp.php] line[24] message:[socket_set_option(): unable to set socket option [92]: Protocol not available]
18-05-30 14:02:41:Error at file[/usr/src/easyswoole/vendor/easyswoole/easyswoole/src/Core/Component/Cluster/NetWork/Udp.php] line[25] message:[socket_sendto(): unable to write to socket [13]: Permission denied]
18-05-30 14:02:41:Error at file[/usr/src/easyswoole/vendor/easyswoole/easyswoole/src/Core/Component/Cluster/NetWork/Udp.php] line[24] message:[socket_set_option(): unable to set socket option [92]: Protocol not available]
18-05-30 14:02:41:Error at file[/usr/src/easyswoole/vendor/easyswoole/easyswoole/src/Core/Component/Cluster/NetWork/Udp.php] line[25] message:[socket_sendto(): unable to write to socket [13]: Permission denied]
18-05-30 14:02:46:Error at file[/usr/src/easyswoole/vendor/easyswoole/easyswoole/src/Core/Component/Cluster/NetWork/Udp.php] line[24] message:[socket_set_option(): unable to set socket option [92]: Protocol not available]
18-05-30 14:02:46:Error at file[/usr/src/easyswoole/vendor/easyswoole/easyswoole/src/Core/Component/Cluster/NetWork/Udp.php] line[25] message:[socket_sendto(): unable to write to socket [13]: Permission denied]
18-05-30 14:02:46:Error at file[/usr/src/easyswoole/vendor/easyswoole/easyswoole/src/Core/Component/Cluster/NetWork/Udp.php] line[24] message:[socket_set_option(): unable to set socket option [92]: Protocol not available]
18-05-30 14:02:46:Error at file[/usr/src/easyswoole/vendor/easyswoole/easyswoole/src/Core/Component/Cluster/NetWork/Udp.php] line[25] message:[socket_sendto(): unable to write to socket [13]: Permission denied]
18-05-30 14:02:51:Error at file[/usr/src/easyswoole/vendor/easyswoole/easyswoole/src/Core/Component/Cluster/NetWork/Udp.php] line[24] message:[socket_set_option(): unable to set socket option [92]: Protocol not available]
18-05-30 14:02:51:Error at file[/usr/src/easyswoole/vendor/easyswoole/easyswoole/src/Core/Component/Cluster/NetWork/Udp.php] line[25] message:[socket_sendto(): unable to write to socket [13]: Permission denied]
18-05-30 14:02:51:Error at file[/usr/src/easyswoole/vendor/easyswoole/easyswoole/src/Core/Component/Cluster/NetWork/Udp.php] line[24] message:[socket_set_option(): unable to set socket option [92]: Protocol not available]
18-05-30 14:02:51:Error at file[/usr/src/easyswoole/vendor/easyswoole/easyswoole/src/Core/Component/Cluster/NetWork/Udp.php] line[25] message:[socket_sendto(): unable to write to socket [13]: Permission denied]
18-05-30 14:02:56:Error at file[/usr/src/easyswoole/vendor/easyswoole/easyswoole/src/Core/Component/Cluster/NetWork/Udp.php] line[24] message:[socket_set_option(): unable to set socket option [92]: Protocol not available]
18-05-30 14:02:56:Error at file[/usr/src/easyswoole/vendor/easyswoole/easyswoole/src/Core/Component/Cluster/NetWork/Udp.php] line[25] message:[socket_sendto(): unable to write to socket [13]: Permission denied]
18-05-30 14:02:56:Error at file[/usr/src/easyswoole/vendor/easyswoole/easyswoole/src/Core/Component/Cluster/NetWork/Udp.php] line[24] message:[socket_set_option(): unable to set socket option [92]: Protocol not available]
18-05-30 14:02:56:Error at file[/usr/src/easyswoole/vendor/easyswoole/easyswoole/src/Core/Component/Cluster/NetWork/Udp.php] line[25] message:[socket_sendto(): unable to write to socket [13]: Permission denied]
18-05-30 14:03:01:Error at file[/usr/src/easyswoole/vendor/easyswoole/easyswoole/src/Core/Component/Cluster/NetWork/Udp.php] line[24] message:[socket_set_option(): unable to set socket option [92]: Protocol not available]
18-05-30 14:03:01:Error at file[/usr/src/easyswoole/vendor/easyswoole/easyswoole/src/Core/Component/Cluster/NetWork/Udp.php] line[25] message:[socket_sendto(): unable to write to socket [13]: Permission denied]
18-05-30 14:03:01:Error at file[/usr/src/easyswoole/vendor/easyswoole/easyswoole/src/Core/Component/Cluster/NetWork/Udp.php] line[24] message:[socket_set_option(): unable to set socket option [92]: Protocol not available]
18-05-30 14:03:01:Error at file[/usr/src/easyswoole/vendor/easyswoole/easyswoole/src/Core/Component/Cluster/NetWork/Udp.php] line[25] message:[socket_sendto(): unable to write to socket [13]: Permission denied]
18-05-30 14:03:06:Error at file[/usr/src/easyswoole/vendor/easyswoole/easyswoole/src/Core/Component/Cluster/NetWork/Udp.php] line[24] message:[socket_set_option(): unable to set socket option [92]: Protocol not available]
18-05-30 14:03:06:Error at file[/usr/src/easyswoole/vendor/easyswoole/easyswoole/src/Core/Component/Cluster/NetWork/Udp.php] line[25] message:[socket_sendto(): unable to write to socket [13]: Permission denied]
18-05-30 14:03:06:Error at file[/usr/src/easyswoole/vendor/easyswoole/easyswoole/src/Core/Component/Cluster/NetWork/Udp.php] line[24] message:[socket_set_option(): unable to set socket option [92]: Protocol not available]
18-05-30 14:03:06:Error at file[/usr/src/easyswoole/vendor/easyswoole/easyswoole/src/Core/Component/Cluster/NetWork/Udp.php] line[25] message:[socket_sendto(): unable to write to socket [13]: Permission denied]
18-05-30 14:03:11:Error at file[/usr/src/easyswoole/vendor/easyswoole/easyswoole/src/Core/Component/Cluster/NetWork/Udp.php] line[24] message:[socket_set_option(): unable to set socket option [92]: Protocol not available]
18-05-30 14:03:11:Error at file[/usr/src/easyswoole/vendor/easyswoole/easyswoole/src/Core/Component/Cluster/NetWork/Udp.php] line[25] message:[socket_sendto(): unable to write to socket [13]: Permission denied]
18-05-30 14:03:11:Error at file[/usr/src/easyswoole/vendor/easyswoole/easyswoole/src/Core/Component/Cluster/NetWork/Udp.php] line[24] message:[socket_set_option(): unable to set socket option [92]: Protocol not available]
18-05-30 14:03:11:Error at file[/usr/src/easyswoole/vendor/easyswoole/easyswoole/src/Core/Component/Cluster/NetWork/Udp.php] line[25] message:[socket_sendto(): unable to write to socket [13]: Permission denied]
18-05-30 14:03:16:Error at file[/usr/src/easyswoole/vendor/easyswoole/easyswoole/src/Core/Component/Cluster/NetWork/Udp.php] line[24] message:[socket_set_option(): unable to set socket option [92]: Protocol not available]
18-05-30 14:03:16:Error at file[/usr/src/easyswoole/vendor/easyswoole/easyswoole/src/Core/Component/Cluster/NetWork/Udp.php] line[25] message:[socket_sendto(): unable to write to socket [13]: Permission denied]
18-05-30 14:03:16:Error at file[/usr/src/easyswoole/vendor/easyswoole/easyswoole/src/Core/Component/Cluster/NetWork/Udp.php] line[24] message:[socket_set_option(): unable to set socket option [92]: Protocol not available]
18-05-30 14:03:16:Error at file[/usr/src/easyswoole/vendor/easyswoole/easyswoole/src/Core/Component/Cluster/NetWork/Udp.php] line[25] message:[socket_sendto(): unable to write to socket [13]: Permission denied]
18-05-30 14:03:21:Error at file[/usr/src/easyswoole/vendor/easyswoole/easyswoole/src/Core/Component/Cluster/NetWork/Udp.php] line[24] message:[socket_set_option(): unable to set socket option [92]: Protocol not available]
18-05-30 14:03:21:Error at file[/usr/src/easyswoole/vendor/easyswoole/easyswoole/src/Core/Component/Cluster/NetWork/Udp.php] line[25] message:[socket_sendto(): unable to write to socket [13]: Permission denied]
18-05-30 14:03:21:Error at file[/usr/src/easyswoole/vendor/easyswoole/easyswoole/src/Core/Component/Cluster/NetWork/Udp.php] line[24] message:[socket_set_option(): unable to set socket option [92]: Protocol not available]
18-05-30 14:03:21:Error at file[/usr/src/easyswoole/vendor/easyswoole/easyswoole/src/Core/Component/Cluster/NetWork/Udp.php] line[25] message:[socket_sendto(): unable to write to socket [13]: Permission denied]
18-05-30 14:03:26:Error at file[/usr/src/easyswoole/vendor/easyswoole/easyswoole/src/Core/Component/Cluster/NetWork/Udp.php] line[24] message:[socket_set_option(): unable to set socket option [92]: Protocol not available]
18-05-30 14:03:26:Error at file[/usr/src/easyswoole/vendor/easyswoole/easyswoole/src/Core/Component/Cluster/NetWork/Udp.php] line[25] message:[socket_sendto(): unable to write to socket [13]: Permission denied]
18-05-30 14:03:26:Error at file[/usr/src/easyswoole/vendor/easyswoole/easyswoole/src/Core/Component/Cluster/NetWork/Udp.php] line[24] message:[socket_set_option(): unable to set socket option [92]: Protocol not available]
18-05-30 14:03:26:Error at file[/usr/src/easyswoole/vendor/easyswoole/easyswoole/src/Core/Component/Cluster/NetWork/Udp.php] line[25] message:[socket_sendto(): unable to write to socket [13]: Permission denied]
18-05-30 14:03:31:Error at file[/usr/src/easyswoole/vendor/easyswoole/easyswoole/src/Core/Component/Cluster/NetWork/Udp.php] line[24] message:[socket_set_option(): unable to set socket option [92]: Protocol not available]
18-05-30 14:03:31:Error at file[/usr/src/easyswoole/vendor/easyswoole/easyswoole/src/Core/Component/Cluster/NetWork/Udp.php] line[25] message:[socket_sendto(): unable to write to socket [13]: Permission denied]
18-05-30 14:03:31:Error at file[/usr/src/easyswoole/vendor/easyswoole/easyswoole/src/Core/Component/Cluster/NetWork/Udp.php] line[24] message:[socket_set_option(): unable to set socket option [92]: Protocol not available]
18-05-30 14:03:31:Error at file[/usr/src/easyswoole/vendor/easyswoole/easyswoole/src/Core/Component/Cluster/NetWork/Udp.php] line[25] message:[socket_sendto(): unable to write to socket [13]: Permission denied]
18-05-30 14:03:36:Error at file[/usr/src/easyswoole/vendor/easyswoole/easyswoole/src/Core/Component/Cluster/NetWork/Udp.php] line[24] message:[socket_set_option(): unable to set socket option [92]: Protocol not available]
18-05-30 14:03:36:Error at file[/usr/src/easyswoole/vendor/easyswoole/easyswoole/src/Core/Component/Cluster/NetWork/Udp.php] line[25] message:[socket_sendto(): unable to write to socket [13]: Permission denied]
18-05-30 14:03:36:Error at file[/usr/src/easyswoole/vendor/easyswoole/easyswoole/src/Core/Component/Cluster/NetWork/Udp.php] line[24] message:[socket_set_option(): unable to set socket option [92]: Protocol not available]
18-05-30 14:03:36:Error at file[/usr/src/easyswoole/vendor/easyswoole/easyswoole/src/Core/Component/Cluster/NetWork/Udp.php] line[25] message:[socket_sendto(): unable to write to socket [13]: Permission denied]
